<?xml version="1.0" encoding="UTF-8"?>
<beans xmlns="http://www.springframework.org/schema/beans"
	xmlns:xsi="http://www.w3.org/2001/XMLSchema-instance"
	xmlns:context="http://www.springframework.org/schema/context"
	xsi:schemaLocation="http://www.springframework.org/schema/beans http://www.springframework.org/schema/beans/spring-beans-2.0.xsd
		http://www.springframework.org/schema/context http://www.springframework.org/schema/context/spring-context-2.5.xsd">

<import resource="test-infrastructure-context.xml"/>
<import resource="/META-INF/spring/dao-context.xml"/>
<import resource="/META-INF/spring/transaction-context.xml"/>
<!--  Temporarily commented out to use the component-scan with exclusion filters specified below -->
<!--  ><import resource="/META-INF/spring/core-context.xml"/> -->


<context:annotation-config />
	<context:component-scan base-package="org.hyperic,com.hyperic">
	<context:exclude-filter type="regex" expression=".*AlertDefinitionDAO"/>
	<context:exclude-filter type="regex" expression=".*GalertManagerImpl"/>
	</context:component-scan>
</beans>
