<?xml version="1.0"?>

<project name="test-build" basedir="..">
		
<target name="init-tests">
	<delete dir="${junitResults.dir}"/>
	<mkdir dir="${junitResults.dir}"/>
	<mkdir dir="${hq.home}/unittest/data"/>  
</target>
	
<target name="single-test">
	<fail message="Must specify a test case system property: -Dtestcase=org.hyperic.My_test" unless="testcase"/>
    <echo message="Running Single Test: ${testcase}"/>
    <antcall target="test">
		<param name="single.test" value="true" />
    </antcall>
</target>	
		
<target name="test" depends="init,init-taskdefs,init-tests">
	<echo message="Using the following system properties..."/>
    <echo message="-Djava.system.class.loader=org.hyperic.util.unittest.server.IsolatingDefaultSystemClassLoader"/>	
	<echo message="-Dhq.unittest.run=true"/>
	<echo message="-Dhq.unittest.jboss.home=${jboss.home}"/>
	<echo message="-Dhq.unittest.hq.home=${basedir}"/>
	<echo message="-Dhq.unittest.working.dir=${hq.home}/unittest/data"/>
			
    <junit reloading="no" fork="true" forkmode="once" printsummary="yes" haltonerror="no">
	  <jvmarg value="-Xmx512m"/>
      <jvmarg value="-Xms512m"/>
	  <jvmarg value="-XX:MaxPermSize=192m"/>		
	  <jvmarg value="-Djava.system.class.loader=org.hyperic.util.unittest.server.IsolatingDefaultSystemClassLoader"/>
	  <jvmarg value="-Dhq.unittest.run=true"/>
	  <jvmarg value="-Dhq.unittest.jboss.home=${jboss.home}"/>
	  <jvmarg value="-Dhq.unittest.hq.home=${basedir}"/>
	  <jvmarg value="-Dhq.unittest.working.dir=${hq.home}/unittest/data"/>
	  <classpath>
        <path refid="alljars"/>
        <path refid="testjars"/>
        <path location="${build.dir}/classes" />
        <path location="${build.dir}/src" />
      </classpath>
      <formatter type="xml"/>
		
	  <test name="${testcase}" todir="${junitResults.dir}" if="single.test" />
		
      <batchtest todir="${junitResults.dir}" unless="single.test">
		  <fileset dir="src">
			  <include name="**/*Test.java"/>
			  <exclude name="**/*CactusTest.java"/>
			  <include name="**/*_test.java"/>
	 
			  <!-- This unit test should be enabled only when testing the 
				   unit test framework itself -->
			  <exclude name="**/ServerLifecycleManagement_test.java"/>
		  </fileset>
      </batchtest>
      <sysproperty key="hq.example.plugins" value="${hq.home}/plugins/examples"/>
      <sysproperty key="pdk.dir" value="${pdk.dir}"/>
      <sysproperty key="hq.server.ds-mapping" value="${hq.server.ds-mapping}"/>
      <sysproperty key="hq.jdbc.url" value="${hq.jdbc.url}"/>
      <sysproperty key="hq.jdbc.name" value="${hq.jdbc.name}"/>
      <sysproperty key="hq.jdbc.user" value="${hq.jdbc.user}"/>
      <sysproperty key="hq.jdbc.password" value="${hq.jdbc.password}"/>
      <sysproperty key="hq.jdbc.server" value="${hq.jdbc.server}"/>
    </junit>

  </target>

  <target name="cactus" depends="init,init-taskdefs,init-tests">
    <junit reloading="no" fork="no" printsummary="yes" haltonerror="no">
      <classpath>
        <path refid="alljars"/>
        <path refid="testjars"/>
        <path location="${build.dir}/classes" />
        <path location="${build.dir}/src" />
        <path>
          <fileset dir="${thirdparty.lib}" includes="*.jar" />
        </path>
      </classpath>
      <formatter type="plain"/>
      <batchtest todir="${junitResults.dir}">
        <fileset dir="src">
          <include name="**/*CactusTest.java"/>
        </fileset>
      </batchtest>
      <sysproperty key="mockejb.cactus.mode" value="true"/>
      <sysproperty key="hq.example.plugins" value="${hq.home}/plugins/examples"/>
      <sysproperty key="pdk.dir" value="${pdk.dir}"/>
    </junit>

  </target>


  <!-- Instrument classes directory inplace with emma -->
  <target name="instrument" depends="init,init-taskdefs">
    <taskdef resource="emma_ant.properties" classpathref="emma.lib" />

    <emma>
      <instr instrpath="${build.dir}/classes" mode="overwrite">
        <!-- exclude tests -->
        <filter excludes="*Test*" />
        <filter excludes="*_test*" />
      </instr>
    </emma>
  </target>

  <target name="coverage">
    <mkdir dir="${basedir}/coverage"/>

    <taskdef resource="emma_ant.properties" classpathref="emma.lib" />
    <emma>
      <report sourcepath="${basedir}/src">
        <infileset dir="." includes="coverage.*" />
        <html />
      </report>
    </emma>
  </target>

</project>
