<?xml version="1.0" encoding="UTF-8"?>
<persistence xmlns="http://java.sun.com/xml/ns/persistence" xmlns:xsi="http://www.w3.org/2001/XMLSchema-instance" version="2.0" xsi:schemaLocation="http://java.sun.com/xml/ns/persistence http://java.sun.com/xml/ns/persistence/persistence_2_0.xsd">
<persistence-unit name="persistenceUnit" transaction-type="RESOURCE_LOCAL">
        <provider>org.hibernate.ejb.HibernatePersistence</provider>
        <class>org.hyperic.hq.inventory.domain.Config</class>
        <class>org.hyperic.hq.inventory.domain.ConfigType</class>
        <class>org.hyperic.hq.inventory.domain.ConfigOptionType</class>
        <class>org.hyperic.hq.inventory.domain.OperationType</class>
        <class>org.hyperic.hq.inventory.domain.OperationArgType</class>
        <class>org.hyperic.hq.inventory.domain.PropertyType</class>
        <class>org.hyperic.hq.inventory.domain.Resource</class>
        <class>org.hyperic.hq.inventory.domain.ResourceGroup</class>
        <class>org.hyperic.hq.inventory.domain.ResourceType</class>
        <class>org.hyperic.hq.agent.domain.AgentType</class>
        <class>org.hyperic.hq.agent.domain.Agent</class>
        <class>org.hyperic.hq.auth.domain.AuthzSubject</class>
        <class>org.hyperic.hq.auth.domain.Role</class>
        <class>org.hyperic.hq.auth.domain.RoleCalendar</class>
        <class>org.hyperic.hq.calendar.domain.Calendar</class>
        <class>org.hyperic.hq.calendar.domain.CalendarEntry</class>
        <class>org.hyperic.hq.calendar.domain.WeekEntry</class>
        <class>org.hyperic.hq.config.domain.Crispo</class>
        <class>org.hyperic.hq.config.domain.CrispoOption</class>
        <class>org.hyperic.hq.plugin.domain.Plugin</class>
        <shared-cache-mode>ENABLE_SELECTIVE</shared-cache-mode>
        <properties>
            <property name="hibernate.hbm2ddl.auto" value="update"/>
            <property name="hibernate.dialect" value="org.hibernate.dialect.HSQLDialect"/>
            <property name="hibernate.cache.provider_class" value="net.sf.ehcache.hibernate.SingletonEhCacheProvider" />
        </properties>
    </persistence-unit>
</persistence>