<form-validation>
   <global>
      <validator name="required"
             classname="org.hyperic.util.validator.common.CommonValidatorUtil"
             method="validateRequired"
             methodParams="java.lang.Object,org.apache.commons.validator.Field"
             msg="errors.required"/>
      <validator name="validatePrincipal"
             classname="org.hyperic.util.validator.common.CommonValidatorUtil"
             method="validatePrincipal"
             methodParams="java.lang.Object,org.apache.commons.validator.Field"
             msg="errors.principal"/>
      <validator name="validatePwd"
             classname="org.hyperic.util.validator.common.CommonValidatorUtil"
             method="validatePassword"
             methodParams="java.lang.Object,org.apache.commons.validator.Field"
             msg="errors.pwd"/>
      <validator name="validatePwdVer"
             classname="org.hyperic.util.validator.common.CommonValidatorUtil"
             method="validatePasswordVerification"
             methodParams="java.lang.Object,org.apache.commons.validator.Field"
             msg="errors.pwdver"/>
   </global>
   <formset>
      <form name="testFormOne">
         <field property="fieldStr1"  depends="required,validatePrincipal">
         	   <arg0 key="testFormOne.fieldStr1.displayname"/>
         </field>    
      </form>
      <form name="testFormTwo">
         <field property="fieldStr1"  depends="required,validatePassword">
         	   <arg0 key="testFormOne.fieldStr1.displayname"/>
         </field>    
         <field  property="fieldStr2" depends="required,validatePwdVer">
         	   <arg0 key="testFormOne.fieldStr2.displayname"/>
               <arg1 key="fieldStr1" />
         </field>
      </form>
   </formset>   
</form-validation>
